***BUSMASTER Ver 2.6.4***
***PROTOCOL CAN***
***NOTE: PLEASE DO NOT EDIT THIS DOCUMENT***
***[START LOGGING SESSION]***
***START DATE AND TIME 28:4:929 4:42:41:000***
***HEX***
***ABSOLUTE MODE***
***START DATABASE FILES (DBF/DBC)***
***END OF DATABASE FILES (DBF/DBC)***
***<Time><Tx/Rx><Channel><CAN ID><Type><DLC><DataBytes>***                                                             
0:0:0:0018 Rx 1 186 s 8 60 E1 00 00 64 00 00 07 
0:0:0:0023 Rx 1 186 s 8 60 E1 00 00 64 00 00 07 
0:0:0:0028 Rx 1 186 s 8 E0 DF 00 00 64 00 00 07 
0:0:0:1818 Rx 1 186 s 8 F0 DF 00 00 64 00 00 07 
0:0:0:7050 Rx 1 186 s 8 E0 DF 00 00 64 00 00 07 
0:0:1:2282 Rx 1 186 s 8 E0 DF 00 00 64 00 00 07 
0:0:1:7514 Rx 1 186 s 8 F0 DF 00 00 64 00 00 07 
0:0:2:2746 Rx 1 186 s 8 E0 DF 00 00 64 00 00 07 
0:0:2:7978 Rx 1 186 s 8 E0 DF 00 00 64 00 00 07 
0:0:3:3210 Rx 1 186 s 8 00 E0 00 00 64 00 00 07 
0:0:3:8442 Rx 1 186 s 8 00 E0 00 00 64 00 00 07 
0:0:4:3674 Rx 1 186 s 8 00 E0 00 00 64 00 00 07 
0:0:4:8906 Rx 1 186 s 8 50 E0 00 00 64 00 00 07 
0:0:5:4138 Rx 1 186 s 8 00 E0 00 00 64 00 00 07 
0:0:5:9370 Rx 1 186 s 8 60 E1 00 00 64 00 00 07 
0:0:6:4602 Rx 1 186 s 8 60 E1 00 00 64 00 00 07 
0:0:6:9834 Rx 1 186 s 8 E0 DF 00 00 64 00 00 07 
0:0:7:5066 Rx 1 186 s 8 E0 DF 00 00 64 00 00 07 
0:0:8:0298 Rx 1 186 s 8 E0 DF 00 00 64 00 00 07 
0:0:8:5561 Rx 1 186 s 8 E0 DF 00 00 64 00 00 07 
0:0:9:0763 Rx 1 186 s 8 E0 DF 00 00 64 00 00 07 
0:0:9:5995 Rx 1 186 s 8 E0 DF 00 00 64 00 00 07 
0:0:10:1227 Rx 1 186 s 8 E0 DF 00 00 64 00 00 07 
0:0:10:6459 Rx 1 186 s 8 E0 DF 00 00 64 00 00 07 
0:0:11:1691 Rx 1 186 s 8 E0 DF 00 00 64 00 00 07 
0:0:11:6923 Rx 1 186 s 8 E0 DF 00 00 64 00 00 07 
0:0:12:2155 Rx 1 186 s 8 F0 DF 00 00 64 00 00 07 
0:0:12:7387 Rx 1 186 s 8 E0 DF 00 00 64 00 00 07 
0:0:13:2619 Rx 1 186 s 8 E0 DF 00 00 64 00 00 07 
0:0:13:7851 Rx 1 186 s 8 E0 DF 00 00 64 00 00 07 
0:0:14:3083 Rx 1 186 s 8 E0 DF 00 00 64 00 00 07 
0:0:14:8315 Rx 1 186 s 8 E0 DF 00 00 64 00 00 07 
0:0:15:3547 Rx 1 186 s 8 E0 DF 00 00 64 00 00 07 
0:0:15:8779 Rx 1 186 s 8 E0 DF 00 00 64 00 00 07 
0:0:16:4012 Rx 1 186 s 8 F0 E1 00 00 64 00 00 07 
0:0:16:9244 Rx 1 186 s 8 F0 E1 00 00 64 00 00 07 
0:0:17:4476 Rx 1 186 s 8 E0 DF 00 00 64 00 00 07 
0:0:17:9708 Rx 1 186 s 8 E0 DF 00 00 64 00 00 07 
0:0:18:4940 Rx 1 186 s 8 E0 DF 00 00 64 00 00 07 
0:0:19:0172 Rx 1 186 s 8 E0 DF 00 00 64 00 00 07 
0:0:19:5404 Rx 1 186 s 8 E0 DF 00 00 64 00 00 07 
0:0:20:0636 Rx 1 186 s 8 F0 DF 00 00 64 00 00 07 
0:0:20:5868 Rx 1 186 s 8 F0 DF 00 00 64 00 00 07 
0:0:21:1100 Rx 1 186 s 8 E0 DF 00 00 64 00 00 07 
0:0:21:6332 Rx 1 186 s 8 E0 DF 00 00 64 00 00 07 
0:0:22:1564 Rx 1 186 s 8 E0 DF 00 00 64 00 00 07 
0:0:22:6797 Rx 1 186 s 8 E0 DF 00 00 64 00 00 07 
0:0:23:2029 Rx 1 186 s 8 00 E0 00 00 64 00 00 07 
0:0:23:7261 Rx 1 186 s 8 E0 DF 00 00 64 00 00 07 
0:0:24:2493 Rx 1 186 s 8 60 E1 00 00 64 00 00 07 
0:0:24:7725 Rx 1 186 s 8 60 E1 00 00 64 00 00 07 
0:0:25:2957 Rx 1 186 s 8 F0 DF 00 00 64 00 00 07 
0:0:25:8189 Rx 1 186 s 8 E0 DF 00 00 64 00 00 07 
0:0:26:3421 Rx 1 186 s 8 F0 DF 00 00 64 00 00 07 
0:0:26:8654 Rx 1 186 s 8 F0 DF 00 00 64 00 00 07 
0:0:27:3886 Rx 1 186 s 8 F0 DF 00 00 64 00 00 07 
0:0:27:9118 Rx 1 186 s 8 00 E0 00 00 64 00 00 07 
0:0:28:4350 Rx 1 186 s 8 F0 DF 00 00 64 00 00 07 
0:0:28:9582 Rx 1 186 s 8 20 E0 00 00 64 00 00 07 
0:0:29:4814 Rx 1 186 s 8 F0 DF 00 00 64 00 00 07 
0:0:30:0046 Rx 1 186 s 8 F0 DF 00 00 64 00 00 07 
0:0:30:5278 Rx 1 186 s 8 F0 DF 00 00 64 00 00 07 
0:0:31:0511 Rx 1 186 s 8 E0 DF 00 00 64 00 00 07 
0:0:31:5743 Rx 1 186 s 8 F0 DF 00 00 64 00 00 07 
0:0:32:0975 Rx 1 186 s 8 60 E1 00 00 64 00 00 07 
0:0:32:6207 Rx 1 186 s 8 60 E1 00 00 64 00 00 07 
0:0:33:1439 Rx 1 186 s 8 E0 DF 00 00 64 00 00 07 
0:0:33:6672 Rx 1 186 s 8 E0 DF 00 00 64 00 00 07 
0:0:34:1904 Rx 1 186 s 8 E0 DF 00 00 64 00 00 07 
0:0:34:7136 Rx 1 186 s 8 F0 DF 00 00 64 00 00 07 
0:0:35:2368 Rx 1 186 s 8 F0 DF 00 00 64 00 00 07 
0:0:35:7600 Rx 1 186 s 8 E0 DF 00 00 64 00 00 07 
0:0:36:2832 Rx 1 186 s 8 F0 DF 00 00 64 00 00 07 
0:0:36:8064 Rx 1 186 s 8 F0 DF 00 00 64 00 00 07 
0:0:37:3296 Rx 1 186 s 8 E0 DF 00 00 64 00 00 07 
0:0:37:8528 Rx 1 186 s 8 E0 DF 00 00 64 00 00 07 
0:0:38:3760 Rx 1 186 s 8 E0 DF 00 00 64 00 00 07 
0:0:38:8993 Rx 1 186 s 8 F0 DF 00 00 64 00 00 07 
0:0:39:4225 Rx 1 186 s 8 F0 DF 00 00 64 00 00 07 
0:0:39:9457 Rx 1 186 s 8 E0 DF 00 00 64 00 00 07 
0:0:40:4689 Rx 1 186 s 8 E0 DF 00 00 64 00 00 07 
0:0:40:9922 Rx 1 186 s 8 00 E0 00 00 64 00 00 07 
0:0:41:5154 Rx 1 186 s 8 00 E0 00 00 64 00 00 07 
0:0:42:0386 Rx 1 186 s 8 E0 DF 00 00 64 00 00 07 
0:0:42:5618 Rx 1 186 s 8 60 E1 00 00 64 00 00 07 
0:0:43:0850 Rx 1 186 s 8 60 E1 00 00 64 00 00 07 
0:0:43:6082 Rx 1 186 s 8 E0 DF 00 00 64 00 00 07 
0:0:44:1314 Rx 1 186 s 8 F0 DF 00 00 64 00 00 07 
0:0:44:6546 Rx 1 186 s 8 E0 DF 00 00 64 00 00 07 
0:0:45:1778 Rx 1 186 s 8 E0 DF 00 00 64 00 00 07 
0:0:45:7010 Rx 1 186 s 8 E0 DF 00 00 64 00 00 07 
0:0:46:2242 Rx 1 186 s 8 E0 DF 00 00 64 00 00 07 
0:0:46:7474 Rx 1 186 s 8 E0 DF 00 00 64 00 00 07 
0:0:47:2706 Rx 1 186 s 8 E0 DF 00 00 64 00 00 07 
0:0:47:7938 Rx 1 186 s 8 E0 DF 00 00 64 00 00 07 
0:0:48:3169 Rx 1 186 s 8 E0 DF 00 00 64 00 00 07 
0:0:48:8401 Rx 1 186 s 8 E0 DF 00 00 64 00 00 07 
0:0:49:3633 Rx 1 186 s 8 E0 DF 00 00 64 00 00 07 
0:0:49:8865 Rx 1 186 s 8 E0 DF 00 00 64 00 00 07 
0:0:50:4097 Rx 1 186 s 8 60 E1 00 00 64 00 00 07 
0:0:50:9329 Rx 1 186 s 8 60 E1 00 00 64 00 00 07 
0:0:51:4561 Rx 1 186 s 8 E0 DF 00 00 64 00 00 07 
0:0:51:9793 Rx 1 186 s 8 E0 DF 00 00 64 00 00 07 
0:0:52:5026 Rx 1 186 s 8 E0 DF 00 00 64 00 00 07 
0:0:53:0258 Rx 1 186 s 8 F0 DF 00 00 64 00 00 07 
0:0:53:5490 Rx 1 186 s 8 F0 DF 00 00 64 00 00 07 
0:0:54:0722 Rx 1 186 s 8 E0 DF 00 00 64 00 00 07 
0:0:54:5954 Rx 1 186 s 8 F0 DF 00 00 64 00 00 07 
0:0:55:1186 Rx 1 186 s 8 20 E0 00 00 64 00 00 07 
0:0:55:6418 Rx 1 186 s 8 E0 DF 00 00 64 00 00 07 
0:0:56:1650 Rx 1 186 s 8 E0 DF 00 00 64 00 00 07 
0:0:56:6882 Rx 1 186 s 8 E0 DF 00 00 64 00 00 07 
0:0:57:2114 Rx 1 186 s 8 E0 DF 00 00 64 00 00 07 
0:0:57:7346 Rx 1 186 s 8 E0 DF 00 00 64 00 00 07 
0:0:58:2579 Rx 1 186 s 8 60 E1 00 00 64 00 00 07 
0:0:58:7810 Rx 1 186 s 8 60 E1 00 00 64 00 00 07 
0:0:59:3042 Rx 1 186 s 8 E0 DF 00 00 64 00 00 07 
0:0:59:8274 Rx 1 186 s 8 E0 DF 00 00 64 00 00 07 
0:1:0:3506 Rx 1 186 s 8 E0 DF 00 00 64 00 00 07 
0:1:0:8738 Rx 1 186 s 8 E0 DF 00 00 64 00 00 07 
0:1:1:3970 Rx 1 186 s 8 E0 DF 00 00 64 00 00 07 
0:1:1:9202 Rx 1 186 s 8 F0 DF 00 00 64 00 00 07 
0:1:2:4434 Rx 1 186 s 8 F0 DF 00 00 64 00 00 07 
0:1:2:9666 Rx 1 186 s 8 70 E1 00 00 64 00 00 07 
0:1:3:4899 Rx 1 186 s 8 00 E0 00 00 64 00 00 07 
0:1:4:0131 Rx 1 186 s 8 E0 DF 00 00 64 00 00 07 
0:1:4:5363 Rx 1 186 s 8 E0 DF 00 00 64 00 00 07 
0:1:5:0595 Rx 1 186 s 8 60 E1 00 00 64 00 00 07 
0:1:5:5827 Rx 1 186 s 8 E0 DF 00 00 64 00 00 07 
0:1:6:1059 Rx 1 186 s 8 E0 DF 00 00 64 00 00 07 
0:1:6:6291 Rx 1 186 s 8 E0 DF 00 00 64 00 00 07 
0:1:7:1532 Rx 1 186 s 8 E0 DF 00 00 64 00 00 07 
0:1:7:6756 Rx 1 186 s 8 F0 DF 00 00 64 00 00 07 
0:1:8:2021 Rx 1 186 s 8 60 E1 00 00 64 00 00 07 
0:1:8:7223 Rx 1 186 s 8 F0 DF 00 00 64 00 00 07 
0:1:9:2451 Rx 1 186 s 8 F0 DF 00 00 64 00 00 07 
0:1:9:7684 Rx 1 186 s 8 00 E0 00 00 64 00 00 07 
0:1:10:2923 Rx 1 186 s 8 E0 DF 00 00 64 00 00 07 
0:1:10:8150 Rx 1 186 s 8 60 E1 00 00 64 00 00 07 
0:1:11:3394 Rx 1 186 s 8 E0 DF 00 00 64 00 00 07 
0:1:11:8616 Rx 1 186 s 8 E0 DF 00 00 64 00 00 07 
0:1:12:3843 Rx 1 186 s 8 E0 DF 00 00 64 00 00 07 
0:1:12:9075 Rx 1 186 s 8 60 E1 00 00 64 00 00 07 
0:1:13:4307 Rx 1 186 s 8 F0 DF 00 00 64 00 00 07 
0:1:13:9540 Rx 1 186 s 8 F0 DF 00 00 64 00 00 07 
0:1:14:4772 Rx 1 186 s 8 E0 DF 00 00 64 00 00 07 
0:1:15:0004 Rx 1 186 s 8 E0 DF 00 00 64 00 00 07 
0:1:15:5236 Rx 1 186 s 8 E0 DF 00 00 64 00 00 07 
0:1:16:0468 Rx 1 186 s 8 60 E1 00 00 64 00 00 07 
0:1:16:5700 Rx 1 186 s 8 E0 DF 00 00 64 00 00 07 
0:1:17:0932 Rx 1 186 s 8 E0 DF 00 00 64 00 00 07 
0:1:17:6164 Rx 1 186 s 8 E0 DF 00 00 64 00 00 07 
0:1:18:1396 Rx 1 186 s 8 F0 DF 00 00 64 00 00 07 
0:1:18:6710 Rx 1 186 s 8 70 E1 00 00 64 00 00 07 
0:1:19:1860 Rx 1 186 s 8 E0 DF 00 00 64 00 00 07 
0:1:19:7093 Rx 1 186 s 8 00 E0 00 00 64 00 00 07 
0:1:20:2325 Rx 1 186 s 8 E0 DF 00 00 64 00 00 07 
0:1:20:7557 Rx 1 186 s 8 70 E1 00 00 64 00 00 07 
0:1:21:2790 Rx 1 186 s 8 20 E0 00 00 64 00 00 07 
0:1:21:8021 Rx 1 186 s 8 E0 DF 00 00 64 00 00 07 
0:1:22:3253 Rx 1 186 s 8 E0 DF 00 00 64 00 00 07 
0:1:22:8485 Rx 1 186 s 8 00 E0 00 00 64 00 00 07 
0:1:23:3717 Rx 1 186 s 8 F0 DF 00 00 64 00 00 07 
0:1:23:8951 Rx 1 186 s 8 F0 DF 00 00 64 00 00 07 
0:1:24:4181 Rx 1 186 s 8 70 E1 00 00 64 00 00 07 
0:1:24:9414 Rx 1 186 s 8 70 E1 00 00 64 00 00 07 
0:1:25:4649 Rx 1 186 s 8 F0 DF 00 00 64 00 00 07 
0:1:25:9883 Rx 1 186 s 8 00 E0 00 00 64 00 00 07 
0:1:26:5110 Rx 1 186 s 8 E0 DF 00 00 64 00 00 07 
0:1:27:0344 Rx 1 186 s 8 70 E1 00 00 64 00 00 07 
0:1:27:5575 Rx 1 186 s 8 70 E1 00 00 64 00 00 07 
0:1:28:0812 Rx 1 186 s 8 E0 DF 00 00 64 00 00 07 
0:1:28:6041 Rx 1 186 s 8 20 E0 00 00 64 00 00 07 
0:1:29:1274 Rx 1 186 s 8 00 E0 00 00 64 00 00 07 
0:1:29:6507 Rx 1 186 s 8 F0 DF 00 00 64 00 00 07 
0:1:30:1735 Rx 1 186 s 8 F0 DF 00 00 64 00 00 07 
0:1:30:6967 Rx 1 186 s 8 E0 DF 00 00 64 00 00 07 
0:1:31:2199 Rx 1 186 s 8 E0 DF 00 00 64 00 00 07 
0:1:31:7431 Rx 1 186 s 8 E0 DF 00 00 64 00 00 07 
0:1:32:2663 Rx 1 186 s 8 E0 DF 00 00 64 00 00 07 
0:1:32:7895 Rx 1 186 s 8 E0 DF 00 00 64 00 00 07 
0:1:33:3127 Rx 1 186 s 8 E0 DF 00 00 64 00 00 07 
0:1:33:8359 Rx 1 186 s 8 E0 DF 00 00 64 00 00 07 
0:1:34:3591 Rx 1 186 s 8 E0 DF 00 00 64 00 00 07 
0:1:34:8823 Rx 1 186 s 8 60 E1 00 00 64 00 00 07 
0:1:35:4055 Rx 1 186 s 8 60 E1 00 00 64 00 00 07 
0:1:35:9287 Rx 1 186 s 8 E0 DF 00 00 64 00 00 07 
0:1:36:4519 Rx 1 186 s 8 E0 DF 00 00 64 00 00 07 
0:1:36:9751 Rx 1 186 s 8 F0 DF 00 00 64 00 00 07 
0:1:37:4984 Rx 1 186 s 8 E0 DF 00 00 64 00 00 07 
0:1:38:0216 Rx 1 186 s 8 E0 DF 00 00 64 00 00 07 
0:1:38:5448 Rx 1 186 s 8 E0 DF 00 00 64 00 00 07 
0:1:39:0680 Rx 1 186 s 8 20 E0 00 00 64 00 00 07 
0:1:39:5912 Rx 1 186 s 8 00 E0 00 00 64 00 00 07 
0:1:40:1144 Rx 1 186 s 8 20 E0 00 00 64 00 00 07 
0:1:40:6376 Rx 1 186 s 8 20 E0 00 00 64 00 00 07 
0:1:41:1608 Rx 1 186 s 8 00 E0 00 00 64 00 00 07 
0:1:41:6840 Rx 1 186 s 8 30 E0 00 00 64 00 00 07 
0:1:42:2072 Rx 1 186 s 8 40 E0 00 00 64 00 00 07 
0:1:42:7304 Rx 1 186 s 8 90 E1 00 00 64 00 00 07 
0:1:43:2536 Rx 1 186 s 8 90 E1 00 00 64 00 00 07 
0:1:43:7768 Rx 1 186 s 8 F0 DF 00 00 64 00 00 07 
***END DATE AND TIME ***
***[STOP LOGGING SESSION]***
